{"contracts/Core.sol":{"l":{"58":12,"60":11,"61":11,"62":11,"63":11,"64":11,"65":11,"66":11,"68":11,"70":11,"71":11,"73":11,"74":11,"76":11,"80":14,"81":14,"82":14,"85":14,"86":13,"87":13,"88":12,"89":11,"90":10,"93":10,"96":10,"100":5,"103":5,"104":5,"105":5,"107":5,"110":5,"112":5,"114":5,"120":2,"122":2,"133":12,"137":11,"142":5,"143":5,"145":5,"146":2,"150":2},"path":"/Users/migueldiaz/Development/solidity/bandura/contracts/Core.sol","s":{"1":12,"2":11,"3":11,"4":11,"5":11,"6":11,"7":11,"8":11,"9":11,"10":11,"11":11,"12":11,"13":11,"14":11,"15":14,"16":14,"17":14,"18":14,"19":13,"20":13,"21":12,"22":11,"23":10,"24":10,"25":10,"26":5,"27":5,"28":5,"29":5,"30":5,"31":5,"32":5,"33":5,"34":2,"35":2,"36":12,"37":11,"38":5,"39":5,"40":5,"41":2,"42":2},"b":{"1":[11,1],"2":[13,1],"3":[13,0],"4":[12,1],"5":[11,1],"6":[10,1],"7":[10,0],"8":[5,0],"9":[5,0],"10":[5,0],"11":[2,3]},"f":{"1":12,"2":14,"3":5,"4":2,"5":12,"6":11,"7":5,"8":0},"fnMap":{"1":{"name":"startTrade","line":50,"loc":{"start":{"line":50,"column":4},"end":{"line":77,"column":4}}},"2":{"name":"addTokenToTrade","line":79,"loc":{"start":{"line":79,"column":4},"end":{"line":97,"column":4}}},"3":{"name":"readyToTransfer","line":99,"loc":{"start":{"line":99,"column":4},"end":{"line":115,"column":4}}},"4":{"name":"getTrade","line":117,"loc":{"start":{"line":117,"column":4},"end":{"line":130,"column":4}}},"5":{"name":"_ownerOfToken","line":132,"loc":{"start":{"line":132,"column":4},"end":{"line":134,"column":4}}},"6":{"name":"_weAreApproved","line":136,"loc":{"start":{"line":136,"column":4},"end":{"line":138,"column":4}}},"7":{"name":"_maybeTransferTokens","line":140,"loc":{"start":{"line":140,"column":4},"end":{"line":152,"column":4}}},"8":{"name":"_sendTokens","line":154,"loc":{"start":{"line":154,"column":4},"end":{"line":156,"column":4}}}},"statementMap":{"1":{"start":{"line":58,"column":8},"end":{"line":58,"column":88}},"2":{"start":{"line":60,"column":8},"end":{"line":60,"column":26}},"3":{"start":{"line":61,"column":8},"end":{"line":61,"column":31}},"4":{"start":{"line":62,"column":8},"end":{"line":62,"column":33}},"5":{"start":{"line":63,"column":8},"end":{"line":63,"column":54}},"6":{"start":{"line":64,"column":8},"end":{"line":64,"column":56}},"7":{"start":{"line":65,"column":8},"end":{"line":65,"column":43}},"8":{"start":{"line":66,"column":8},"end":{"line":66,"column":39}},"9":{"start":{"line":68,"column":8},"end":{"line":68,"column":32}},"10":{"start":{"line":70,"column":8},"end":{"line":70,"column":106}},"11":{"start":{"line":71,"column":8},"end":{"line":71,"column":107}},"12":{"start":{"line":73,"column":8},"end":{"line":73,"column":69}},"13":{"start":{"line":74,"column":8},"end":{"line":74,"column":71}},"14":{"start":{"line":76,"column":8},"end":{"line":76,"column":107}},"15":{"start":{"line":80,"column":8},"end":{"line":80,"column":86}},"16":{"start":{"line":81,"column":8},"end":{"line":81,"column":46}},"17":{"start":{"line":82,"column":8},"end":{"line":82,"column":59}},"18":{"start":{"line":85,"column":8},"end":{"line":85,"column":52}},"19":{"start":{"line":86,"column":8},"end":{"line":86,"column":98}},"20":{"start":{"line":87,"column":8},"end":{"line":87,"column":64}},"21":{"start":{"line":88,"column":8},"end":{"line":88,"column":108}},"22":{"start":{"line":89,"column":8},"end":{"line":89,"column":98}},"23":{"start":{"line":90,"column":8},"end":{"line":90,"column":98}},"24":{"start":{"line":93,"column":8},"end":{"line":93,"column":49}},"25":{"start":{"line":96,"column":8},"end":{"line":96,"column":88}},"26":{"start":{"line":100,"column":8},"end":{"line":100,"column":47}},"27":{"start":{"line":103,"column":8},"end":{"line":103,"column":115}},"28":{"start":{"line":104,"column":8},"end":{"line":104,"column":100}},"29":{"start":{"line":105,"column":8},"end":{"line":105,"column":86}},"30":{"start":{"line":107,"column":8},"end":{"line":107,"column":31}},"31":{"start":{"line":110,"column":8},"end":{"line":110,"column":64}},"32":{"start":{"line":112,"column":8},"end":{"line":112,"column":44}},"33":{"start":{"line":114,"column":8},"end":{"line":114,"column":70}},"34":{"start":{"line":120,"column":12},"end":{"line":120,"column":50}},"35":{"start":{"line":122,"column":12},"end":{"line":122,"column":4707}},"36":{"start":{"line":133,"column":8},"end":{"line":133,"column":51}},"37":{"start":{"line":137,"column":8},"end":{"line":137,"column":63}},"38":{"start":{"line":142,"column":8},"end":{"line":142,"column":75}},"39":{"start":{"line":143,"column":8},"end":{"line":143,"column":77}},"40":{"start":{"line":145,"column":8},"end":{"line":145,"column":5628}},"41":{"start":{"line":146,"column":12},"end":{"line":146,"column":46}},"42":{"start":{"line":150,"column":12},"end":{"line":150,"column":41}}},"branchMap":{"1":{"line":58,"type":"if","locations":[{"start":{"line":58,"column":8},"end":{"line":58,"column":8}},{"start":{"line":58,"column":8},"end":{"line":58,"column":8}}]},"2":{"line":85,"type":"if","locations":[{"start":{"line":85,"column":8},"end":{"line":85,"column":8}},{"start":{"line":85,"column":8},"end":{"line":85,"column":8}}]},"3":{"line":86,"type":"if","locations":[{"start":{"line":86,"column":8},"end":{"line":86,"column":8}},{"start":{"line":86,"column":8},"end":{"line":86,"column":8}}]},"4":{"line":87,"type":"if","locations":[{"start":{"line":87,"column":8},"end":{"line":87,"column":8}},{"start":{"line":87,"column":8},"end":{"line":87,"column":8}}]},"5":{"line":88,"type":"if","locations":[{"start":{"line":88,"column":8},"end":{"line":88,"column":8}},{"start":{"line":88,"column":8},"end":{"line":88,"column":8}}]},"6":{"line":89,"type":"if","locations":[{"start":{"line":89,"column":8},"end":{"line":89,"column":8}},{"start":{"line":89,"column":8},"end":{"line":89,"column":8}}]},"7":{"line":90,"type":"if","locations":[{"start":{"line":90,"column":8},"end":{"line":90,"column":8}},{"start":{"line":90,"column":8},"end":{"line":90,"column":8}}]},"8":{"line":103,"type":"if","locations":[{"start":{"line":103,"column":8},"end":{"line":103,"column":8}},{"start":{"line":103,"column":8},"end":{"line":103,"column":8}}]},"9":{"line":104,"type":"if","locations":[{"start":{"line":104,"column":8},"end":{"line":104,"column":8}},{"start":{"line":104,"column":8},"end":{"line":104,"column":8}}]},"10":{"line":105,"type":"if","locations":[{"start":{"line":105,"column":8},"end":{"line":105,"column":8}},{"start":{"line":105,"column":8},"end":{"line":105,"column":8}}]},"11":{"line":145,"type":"if","locations":[{"start":{"line":145,"column":8},"end":{"line":145,"column":8}},{"start":{"line":145,"column":8},"end":{"line":145,"column":8}}]}}},"contracts/mock/ERC721Mock.sol":{"l":{"13":18,"15":18,"17":18},"path":"/Users/migueldiaz/Development/solidity/bandura/contracts/mock/ERC721Mock.sol","s":{"1":18,"2":18},"b":{},"f":{"1":33,"2":18},"fnMap":{"1":{"name":"constructor","line":10,"loc":{"start":{"line":10,"column":2},"end":{"line":10,"column":45}}},"2":{"name":"mint","line":12,"loc":{"start":{"line":12,"column":2},"end":{"line":18,"column":2}}}},"statementMap":{"1":{"start":{"line":13,"column":4},"end":{"line":13,"column":36}},"2":{"start":{"line":17,"column":4},"end":{"line":17,"column":29}}},"branchMap":{}}}