{"contracts/Core.sol":{"l":{"62":12,"64":11,"65":11,"66":11,"67":11,"68":11,"69":11,"70":11,"72":11,"74":11,"75":11,"77":11,"78":11,"80":11,"84":14,"85":14,"86":14,"89":14,"90":13,"91":13,"92":12,"93":11,"94":10,"97":10,"100":10,"103":10,"107":5,"110":5,"111":5,"112":5,"114":5,"117":5,"119":5,"121":5,"127":2,"129":2,"140":12,"144":11,"149":5,"150":5,"152":5,"153":2,"155":2,"157":2,"163":2,"164":24,"165":24,"168":24,"169":6,"176":6,"177":3,"179":3},"path":"/Users/migueldiaz/Development/solidity/bandura/contracts/Core.sol","s":{"1":12,"2":11,"3":11,"4":11,"5":11,"6":11,"7":11,"8":11,"9":11,"10":11,"11":11,"12":11,"13":11,"14":11,"15":14,"16":14,"17":14,"18":14,"19":13,"20":13,"21":12,"22":11,"23":10,"24":10,"25":10,"26":10,"27":5,"28":5,"29":5,"30":5,"31":5,"32":5,"33":5,"34":5,"35":2,"36":2,"37":12,"38":11,"39":5,"40":5,"41":5,"42":2,"43":2,"44":2,"45":2,"46":24,"47":24,"48":24,"49":6,"50":6,"51":3,"52":3,"53":3},"b":{"1":[11,1],"2":[13,1],"3":[13,0],"4":[12,1],"5":[11,1],"6":[10,1],"7":[10,0],"8":[5,0],"9":[5,0],"10":[5,0],"11":[2,3],"12":[6,18],"13":[3,3],"14":[3,0]},"f":{"1":12,"2":14,"3":5,"4":2,"5":12,"6":11,"7":5,"8":2,"9":6},"fnMap":{"1":{"name":"startTrade","line":54,"loc":{"start":{"line":54,"column":4},"end":{"line":81,"column":4}}},"2":{"name":"addTokenToTrade","line":83,"loc":{"start":{"line":83,"column":4},"end":{"line":104,"column":4}}},"3":{"name":"readyToTransfer","line":106,"loc":{"start":{"line":106,"column":4},"end":{"line":122,"column":4}}},"4":{"name":"getTrade","line":124,"loc":{"start":{"line":124,"column":4},"end":{"line":137,"column":4}}},"5":{"name":"_ownerOfToken","line":139,"loc":{"start":{"line":139,"column":4},"end":{"line":141,"column":4}}},"6":{"name":"_weAreApproved","line":143,"loc":{"start":{"line":143,"column":4},"end":{"line":145,"column":4}}},"7":{"name":"_maybeTransferTokens","line":147,"loc":{"start":{"line":147,"column":4},"end":{"line":159,"column":4}}},"8":{"name":"_verifyAndSendTokens","line":161,"loc":{"start":{"line":161,"column":4},"end":{"line":172,"column":4}}},"9":{"name":"_sendTokenToAddress","line":174,"loc":{"start":{"line":174,"column":4},"end":{"line":181,"column":4}}}},"statementMap":{"1":{"start":{"line":62,"column":8},"end":{"line":62,"column":88}},"2":{"start":{"line":64,"column":8},"end":{"line":64,"column":26}},"3":{"start":{"line":65,"column":8},"end":{"line":65,"column":31}},"4":{"start":{"line":66,"column":8},"end":{"line":66,"column":33}},"5":{"start":{"line":67,"column":8},"end":{"line":67,"column":54}},"6":{"start":{"line":68,"column":8},"end":{"line":68,"column":56}},"7":{"start":{"line":69,"column":8},"end":{"line":69,"column":43}},"8":{"start":{"line":70,"column":8},"end":{"line":70,"column":39}},"9":{"start":{"line":72,"column":8},"end":{"line":72,"column":32}},"10":{"start":{"line":74,"column":8},"end":{"line":74,"column":106}},"11":{"start":{"line":75,"column":8},"end":{"line":75,"column":107}},"12":{"start":{"line":77,"column":8},"end":{"line":77,"column":69}},"13":{"start":{"line":78,"column":8},"end":{"line":78,"column":71}},"14":{"start":{"line":80,"column":8},"end":{"line":80,"column":107}},"15":{"start":{"line":84,"column":8},"end":{"line":84,"column":86}},"16":{"start":{"line":85,"column":8},"end":{"line":85,"column":46}},"17":{"start":{"line":86,"column":8},"end":{"line":86,"column":59}},"18":{"start":{"line":89,"column":8},"end":{"line":89,"column":52}},"19":{"start":{"line":90,"column":8},"end":{"line":90,"column":98}},"20":{"start":{"line":91,"column":8},"end":{"line":91,"column":64}},"21":{"start":{"line":92,"column":8},"end":{"line":92,"column":108}},"22":{"start":{"line":93,"column":8},"end":{"line":93,"column":98}},"23":{"start":{"line":94,"column":8},"end":{"line":94,"column":98}},"24":{"start":{"line":97,"column":8},"end":{"line":97,"column":61}},"25":{"start":{"line":100,"column":8},"end":{"line":100,"column":49}},"26":{"start":{"line":103,"column":8},"end":{"line":103,"column":88}},"27":{"start":{"line":107,"column":8},"end":{"line":107,"column":47}},"28":{"start":{"line":110,"column":8},"end":{"line":110,"column":115}},"29":{"start":{"line":111,"column":8},"end":{"line":111,"column":100}},"30":{"start":{"line":112,"column":8},"end":{"line":112,"column":86}},"31":{"start":{"line":114,"column":8},"end":{"line":114,"column":31}},"32":{"start":{"line":117,"column":8},"end":{"line":117,"column":64}},"33":{"start":{"line":119,"column":8},"end":{"line":119,"column":44}},"34":{"start":{"line":121,"column":8},"end":{"line":121,"column":70}},"35":{"start":{"line":127,"column":12},"end":{"line":127,"column":50}},"36":{"start":{"line":129,"column":12},"end":{"line":129,"column":4985}},"37":{"start":{"line":140,"column":8},"end":{"line":140,"column":51}},"38":{"start":{"line":144,"column":8},"end":{"line":144,"column":63}},"39":{"start":{"line":149,"column":8},"end":{"line":149,"column":75}},"40":{"start":{"line":150,"column":8},"end":{"line":150,"column":77}},"41":{"start":{"line":152,"column":8},"end":{"line":152,"column":5906}},"42":{"start":{"line":153,"column":12},"end":{"line":153,"column":46}},"43":{"start":{"line":155,"column":12},"end":{"line":155,"column":49}},"44":{"start":{"line":157,"column":12},"end":{"line":157,"column":41}},"45":{"start":{"line":163,"column":8},"end":{"line":163,"column":6272}},"46":{"start":{"line":164,"column":12},"end":{"line":164,"column":57}},"47":{"start":{"line":165,"column":12},"end":{"line":165,"column":71}},"48":{"start":{"line":168,"column":12},"end":{"line":168,"column":6536}},"49":{"start":{"line":169,"column":16},"end":{"line":169,"column":63}},"50":{"start":{"line":176,"column":8},"end":{"line":176,"column":6828}},"51":{"start":{"line":177,"column":12},"end":{"line":177,"column":92}},"52":{"start":{"line":178,"column":15},"end":{"line":178,"column":6975}},"53":{"start":{"line":179,"column":12},"end":{"line":179,"column":92}}},"branchMap":{"1":{"line":62,"type":"if","locations":[{"start":{"line":62,"column":8},"end":{"line":62,"column":8}},{"start":{"line":62,"column":8},"end":{"line":62,"column":8}}]},"2":{"line":89,"type":"if","locations":[{"start":{"line":89,"column":8},"end":{"line":89,"column":8}},{"start":{"line":89,"column":8},"end":{"line":89,"column":8}}]},"3":{"line":90,"type":"if","locations":[{"start":{"line":90,"column":8},"end":{"line":90,"column":8}},{"start":{"line":90,"column":8},"end":{"line":90,"column":8}}]},"4":{"line":91,"type":"if","locations":[{"start":{"line":91,"column":8},"end":{"line":91,"column":8}},{"start":{"line":91,"column":8},"end":{"line":91,"column":8}}]},"5":{"line":92,"type":"if","locations":[{"start":{"line":92,"column":8},"end":{"line":92,"column":8}},{"start":{"line":92,"column":8},"end":{"line":92,"column":8}}]},"6":{"line":93,"type":"if","locations":[{"start":{"line":93,"column":8},"end":{"line":93,"column":8}},{"start":{"line":93,"column":8},"end":{"line":93,"column":8}}]},"7":{"line":94,"type":"if","locations":[{"start":{"line":94,"column":8},"end":{"line":94,"column":8}},{"start":{"line":94,"column":8},"end":{"line":94,"column":8}}]},"8":{"line":110,"type":"if","locations":[{"start":{"line":110,"column":8},"end":{"line":110,"column":8}},{"start":{"line":110,"column":8},"end":{"line":110,"column":8}}]},"9":{"line":111,"type":"if","locations":[{"start":{"line":111,"column":8},"end":{"line":111,"column":8}},{"start":{"line":111,"column":8},"end":{"line":111,"column":8}}]},"10":{"line":112,"type":"if","locations":[{"start":{"line":112,"column":8},"end":{"line":112,"column":8}},{"start":{"line":112,"column":8},"end":{"line":112,"column":8}}]},"11":{"line":152,"type":"if","locations":[{"start":{"line":152,"column":8},"end":{"line":152,"column":8}},{"start":{"line":152,"column":8},"end":{"line":152,"column":8}}]},"12":{"line":168,"type":"if","locations":[{"start":{"line":168,"column":12},"end":{"line":168,"column":12}},{"start":{"line":168,"column":12},"end":{"line":168,"column":12}}]},"13":{"line":176,"type":"if","locations":[{"start":{"line":176,"column":8},"end":{"line":176,"column":8}},{"start":{"line":176,"column":8},"end":{"line":176,"column":8}}]},"14":{"line":178,"type":"if","locations":[{"start":{"line":178,"column":15},"end":{"line":178,"column":15}},{"start":{"line":178,"column":15},"end":{"line":178,"column":15}}]}}},"contracts/mock/ERC721Mock.sol":{"l":{"13":18,"15":18,"17":18},"path":"/Users/migueldiaz/Development/solidity/bandura/contracts/mock/ERC721Mock.sol","s":{"1":18,"2":18},"b":{},"f":{"1":33,"2":18},"fnMap":{"1":{"name":"constructor","line":10,"loc":{"start":{"line":10,"column":2},"end":{"line":10,"column":45}}},"2":{"name":"mint","line":12,"loc":{"start":{"line":12,"column":2},"end":{"line":18,"column":2}}}},"statementMap":{"1":{"start":{"line":13,"column":4},"end":{"line":13,"column":36}},"2":{"start":{"line":17,"column":4},"end":{"line":17,"column":29}}},"branchMap":{}}}